#
# There is insufficient memory for the Java Runtime Environment to continue.
# Native memory allocation (malloc) failed to allocate 32744 bytes for ChunkPool::allocate
# Possible reasons:
#   The system is out of physical RAM or swap space
#   The process is running with CompressedOops enabled, and the Java Heap may be blocking the growth of the native heap
# Possible solutions:
#   Reduce memory load on the system
#   Increase physical memory or swap space
#   Check if swap backing store is full
#   Decrease Java heap size (-Xmx/-Xms)
#   Decrease number of Java threads
#   Decrease Java thread stack sizes (-Xss)
#   Set larger code cache with -XX:ReservedCodeCacheSize=
#   JVM is running with Unscaled Compressed Oops mode in which the Java heap is
#     placed in the first 4GB address space. The Java Heap base address is the
#     maximum limit for the native heap growth. Please use -XX:HeapBaseMinAddress
#     to set the Java Heap base and to place the Java Heap above 4GB virtual address.
# This output file may be truncated or incomplete.
#
#  Out of Memory Error (arena.cpp:78), pid=4172, tid=5112
#
# JRE version: OpenJDK Runtime Environment JBR-17.0.6+10-829.9-jcef (17.0.6+10) (build 17.0.6+10-b829.9)
# Java VM: OpenJDK 64-Bit Server VM JBR-17.0.6+10-829.9-jcef (17.0.6+10-b829.9, mixed mode, tiered, compressed oops, compressed class ptrs, g1 gc, windows-amd64)
# No core dump will be written. Minidumps are not enabled by default on client versions of Windows
#

---------------  S U M M A R Y ------------

Command Line: -Djava.rmi.server.hostname=127.0.0.1 -Duser.timezone=UTC -Xmx1024m -Xms128m --add-exports=java.desktop/sun.awt=ALL-UNNAMED --add-exports=java.desktop/java.awt.peer=ALL-UNNAMED --add-opens=java.desktop/java.awt=ALL-UNNAMED --add-opens=jdk.unsupported/sun.misc=ALL-UNNAMED --add-opens=java.base/java.nio=ALL-UNNAMED --add-opens=java.base/java.util=ALL-UNNAMED -Dfile.encoding=UTF-8 com.intellij.database.remote.RemoteJdbcServer com.mysql.cj.jdbc.Driver

Host: Intel(R) Core(TM) i3-7020U CPU @ 2.30GHz, 4 cores, 3G,  Windows 10 , 64 bit Build 19041 (10.0.19041.4957)
Time: Thu Nov  7 12:19:10 2024 India Standard Time elapsed time: 8714.994278 seconds (0d 2h 25m 14s)

---------------  T H R E A D  ---------------

Current thread (0x0000028bd7000dc0):  JavaThread "C2 CompilerThread0" daemon [_thread_in_native, id=5112, stack(0x000000b5c4300000,0x000000b5c4400000)]


Current CompileTask:
C2:8714994 2542       4       java.io.ObjectOutputStream$BlockDataOutputStream::drain (45 bytes)

Stack: [0x000000b5c4300000,0x000000b5c4400000]
Native frames: (J=compiled Java code, j=interpreted, Vv=VM code, C=native code)
V  [jvm.dll+0x683c5a]
V  [jvm.dll+0x842764]
V  [jvm.dll+0x843f5e]
V  [jvm.dll+0x8445c3]
V  [jvm.dll+0x249b75]
V  [jvm.dll+0xabecc]
V  [jvm.dll+0xac27c]
V  [jvm.dll+0x69862a]
V  [jvm.dll+0x69c02e]
V  [jvm.dll+0x69401b]
V  [jvm.dll+0x693657]
V  [jvm.dll+0x691552]
V  [jvm.dll+0x1a81fc]
V  [jvm.dll+0x1a8dc6]
V  [jvm.dll+0x2b0104]
V  [jvm.dll+0x69c055]
V  [jvm.dll+0x69401b]
V  [jvm.dll+0x693657]
V  [jvm.dll+0x691552]
V  [jvm.dll+0x1a81fc]
V  [jvm.dll+0x1a8dc6]
V  [jvm.dll+0x2b0104]
V  [jvm.dll+0x69c055]
V  [jvm.dll+0x69401b]
V  [jvm.dll+0x693657]
V  [jvm.dll+0x691552]
V  [jvm.dll+0x1a81fc]
V  [jvm.dll+0x1a8dc6]
V  [jvm.dll+0x2b0104]
V  [jvm.dll+0x69c055]
V  [jvm.dll+0x69401b]
V  [jvm.dll+0x693657]
V  [jvm.dll+0x691552]
V  [jvm.dll+0x1a81fc]
V  [jvm.dll+0x1a8dc6]
V  [jvm.dll+0x2b0104]
V  [jvm.dll+0x69c055]
V  [jvm.dll+0x69401b]
V  [jvm.dll+0x693657]
V  [jvm.dll+0x691552]
V  [jvm.dll+0x1a81fc]
V  [jvm.dll+0x1a8dc6]
V  [jvm.dll+0x1a8dc6]
V  [jvm.dll+0x2b0104]
V  [jvm.dll+0x69c055]
V  [jvm.dll+0x69401b]
V  [jvm.dll+0x693657]
V  [jvm.dll+0x691552]
V  [jvm.dll+0x1a81fc]
V  [jvm.dll+0x1a8dc6]
V  [jvm.dll+0x1a8dc6]
V  [jvm.dll+0x2b0104]
V  [jvm.dll+0x69c055]
V  [jvm.dll+0x69401b]
V  [jvm.dll+0x693657]
V  [jvm.dll+0x691552]
V  [jvm.dll+0x1a81fc]
V  [jvm.dll+0x1a8dc6]
V  [jvm.dll+0x2b0104]
V  [jvm.dll+0x69c055]
V  [jvm.dll+0x69401b]
V  [jvm.dll+0x693657]
V  [jvm.dll+0x691552]
V  [jvm.dll+0x1a81fc]
V  [jvm.dll+0x1a8dc6]
V  [jvm.dll+0x1a8dc6]
V  [jvm.dll+0x2b0104]
V  [jvm.dll+0x69c055]
V  [jvm.dll+0x69401b]
V  [jvm.dll+0x693657]
V  [jvm.dll+0x691552]
V  [jvm.dll+0x1a81fc]
V  [jvm.dll+0x21b1e8]
V  [jvm.dll+0x1a4fdd]
V  [jvm.dll+0x22b098]
V  [jvm.dll+0x229159]
V  [jvm.dll+0x7f81ac]
V  [jvm.dll+0x7f270a]
V  [jvm.dll+0x682a95]
C  [ucrtbase.dll+0x21bb2]
C  [KERNEL32.DLL+0x17374]
C  [ntdll.dll+0x4cc91]


---------------  P R O C E S S  ---------------

Threads class SMR info:
_java_thread_list=0x0000028bd798b6d0, length=21, elements={
0x0000028bbf1f6860, 0x0000028bd6427a40, 0x0000028bd642a1f0, 0x0000028bd6487130,
0x0000028bd6449b80, 0x0000028bd644abe0, 0x0000028bd644bc40, 0x0000028bd7000dc0,
0x0000028bd7002210, 0x0000028bd70152e0, 0x0000028bd715d3e0, 0x0000028bd716a3b0,
0x0000028bd7231cc0, 0x0000028bd7490470, 0x0000028bd74d8970, 0x0000028bd74d8e40,
0x0000028bd74db330, 0x0000028bd74355c0, 0x0000028bd7435f60, 0x0000028bd7437c40,
0x0000028bd7437770
}

Java Threads: ( => current thread )
  0x0000028bbf1f6860 JavaThread "main" [_thread_blocked, id=1000, stack(0x000000b5c3600000,0x000000b5c3700000)]
  0x0000028bd6427a40 JavaThread "Reference Handler" daemon [_thread_blocked, id=8488, stack(0x000000b5c3d00000,0x000000b5c3e00000)]
  0x0000028bd642a1f0 JavaThread "Finalizer" daemon [_thread_blocked, id=2992, stack(0x000000b5c3e00000,0x000000b5c3f00000)]
  0x0000028bd6487130 JavaThread "Signal Dispatcher" daemon [_thread_blocked, id=6284, stack(0x000000b5c3f00000,0x000000b5c4000000)]
  0x0000028bd6449b80 JavaThread "Attach Listener" daemon [_thread_blocked, id=8008, stack(0x000000b5c4000000,0x000000b5c4100000)]
  0x0000028bd644abe0 JavaThread "Service Thread" daemon [_thread_blocked, id=4752, stack(0x000000b5c4100000,0x000000b5c4200000)]
  0x0000028bd644bc40 JavaThread "Monitor Deflation Thread" daemon [_thread_blocked, id=5032, stack(0x000000b5c4200000,0x000000b5c4300000)]
=>0x0000028bd7000dc0 JavaThread "C2 CompilerThread0" daemon [_thread_in_native, id=5112, stack(0x000000b5c4300000,0x000000b5c4400000)]
  0x0000028bd7002210 JavaThread "C1 CompilerThread0" daemon [_thread_blocked, id=8480, stack(0x000000b5c4400000,0x000000b5c4500000)]
  0x0000028bd70152e0 JavaThread "Sweeper thread" daemon [_thread_blocked, id=8384, stack(0x000000b5c4500000,0x000000b5c4600000)]
  0x0000028bd715d3e0 JavaThread "Common-Cleaner" daemon [_thread_blocked, id=4928, stack(0x000000b5c4600000,0x000000b5c4700000)]
  0x0000028bd716a3b0 JavaThread "Notification Thread" daemon [_thread_blocked, id=2688, stack(0x000000b5c4700000,0x000000b5c4800000)]
  0x0000028bd7231cc0 JavaThread "mysql-cj-abandoned-connection-cleanup" daemon [_thread_blocked, id=3444, stack(0x000000b5c4900000,0x000000b5c4a00000)]
  0x0000028bd7490470 JavaThread "RMI TCP Accept-10032" daemon [_thread_in_native, id=7200, stack(0x000000b5c4a00000,0x000000b5c4b00000)]
  0x0000028bd74d8970 JavaThread "RMI TCP Accept-0" daemon [_thread_in_native, id=3640, stack(0x000000b5c4b00000,0x000000b5c4c00000)]
  0x0000028bd74d8e40 JavaThread "RMI Reaper" [_thread_blocked, id=4920, stack(0x000000b5c4c00000,0x000000b5c4d00000)]
  0x0000028bd74db330 JavaThread "RMI GC Daemon" daemon [_thread_blocked, id=7864, stack(0x000000b5c4d00000,0x000000b5c4e00000)]
  0x0000028bd74355c0 JavaThread "RMI Scheduler(0)" daemon [_thread_blocked, id=5576, stack(0x000000b5c5100000,0x000000b5c5200000)]
  0x0000028bd7435f60 JavaThread "RMI RenewClean-[127.0.0.1:49989]" daemon [_thread_blocked, id=4100, stack(0x000000b5c5300000,0x000000b5c5400000)]
  0x0000028bd7437c40 JavaThread "RMI TCP Connection(7)-127.0.0.1" daemon [_thread_in_native, id=6620, stack(0x000000b5c3300000,0x000000b5c3400000)]
  0x0000028bd7437770 JavaThread "RMI TCP Connection(9)-127.0.0.1" daemon [_thread_in_native, id=392, stack(0x000000b5c3400000,0x000000b5c3500000)]

Other Threads:
  0x0000028bd6424f10 VMThread "VM Thread" [stack: 0x000000b5c3c00000,0x000000b5c3d00000] [id=8436]
  0x0000028bd715dcb0 WatcherThread [stack: 0x000000b5c4800000,0x000000b5c4900000] [id=2880]
  0x0000028bbf230860 GCTaskThread "GC Thread#0" [stack: 0x000000b5c3700000,0x000000b5c3800000] [id=3824]
  0x0000028bd7677cf0 GCTaskThread "GC Thread#1" [stack: 0x000000b5c5400000,0x000000b5c5500000] [id=3004]
  0x0000028bd7728550 GCTaskThread "GC Thread#2" [stack: 0x000000b5c5500000,0x000000b5c5600000] [id=8672]
  0x0000028bd7728800 GCTaskThread "GC Thread#3" [stack: 0x000000b5c5600000,0x000000b5c5700000] [id=7044]
  0x0000028bbf2396b0 ConcurrentGCThread "G1 Main Marker" [stack: 0x000000b5c3800000,0x000000b5c3900000] [id=8372]
  0x0000028bbf239fd0 ConcurrentGCThread "G1 Conc#0" [stack: 0x000000b5c3900000,0x000000b5c3a00000] [id=8452]
  0x0000028bbf2b4080 ConcurrentGCThread "G1 Refine#0" [stack: 0x000000b5c3a00000,0x000000b5c3b00000] [id=8492]
  0x0000028bd76228f0 ConcurrentGCThread "G1 Refine#1" [stack: 0x000000b5c5700000,0x000000b5c5800000] [id=1164]
  0x0000028bbf2b49b0 ConcurrentGCThread "G1 Service" [stack: 0x000000b5c3b00000,0x000000b5c3c00000] [id=8448]

Threads with active compile tasks:
C2 CompilerThread0  8715146 2542       4       java.io.ObjectOutputStream$BlockDataOutputStream::drain (45 bytes)

VM state: not at safepoint (normal execution)

VM Mutex/Monitor currently owned by a thread: None

Heap address: 0x00000000c0000000, size: 1024 MB, Compressed Oops mode: 32-bit

CDS archive(s) not mapped
Compressed class space mapped at: 0x0000000100000000-0x0000000140000000, reserved size: 1073741824
Narrow klass base: 0x0000000000000000, Narrow klass shift: 3, Narrow klass range: 0x140000000

GC Precious Log:
 CPUs: 4 total, 4 available
 Memory: 3517M
 Large Page Support: Disabled
 NUMA Support: Disabled
 Compressed Oops: Enabled (32-bit)
 Heap Region Size: 1M
 Heap Min Capacity: 128M
 Heap Initial Capacity: 128M
 Heap Max Capacity: 1G
 Pre-touch: Disabled
 Parallel Workers: 4
 Concurrent Workers: 1
 Concurrent Refinement Workers: 4
 Periodic GC: Disabled

Heap:
 garbage-first heap   total 131072K, used 8183K [0x00000000c0000000, 0x0000000100000000)
  region size 1024K, 3 young (3072K), 0 survivors (0K)
 Metaspace       used 23358K, committed 23872K, reserved 1073152K
  class space    used 2419K, committed 2624K, reserved 1048576K

Heap Regions: E=young(eden), S=young(survivor), O=old, HS=humongous(starts), HC=humongous(continues), CS=collection set, F=free, OA=open archive, CA=closed archive, TAMS=top-at-mark-start (previous, next)
|   0|0x00000000c0000000, 0x00000000c00e04f8, 0x00000000c0100000| 87%| O|  |TAMS 0x00000000c0000000, 0x00000000c0000000| Untracked 
|   1|0x00000000c0100000, 0x00000000c01ffff0, 0x00000000c0200000| 99%| O|  |TAMS 0x00000000c0100000, 0x00000000c0100000| Untracked 
|   2|0x00000000c0200000, 0x00000000c02fffd8, 0x00000000c0300000| 99%| O|  |TAMS 0x00000000c0200000, 0x00000000c0200000| Untracked 
|   3|0x00000000c0300000, 0x00000000c03e18b8, 0x00000000c0400000| 88%| O|  |TAMS 0x00000000c0300000, 0x00000000c0300000| Untracked 
|   4|0x00000000c0400000, 0x00000000c04bd4f0, 0x00000000c0500000| 73%| O|  |TAMS 0x00000000c0400000, 0x00000000c0400000| Untracked 
|   5|0x00000000c0500000, 0x00000000c05ffff0, 0x00000000c0600000| 99%| O|  |TAMS 0x00000000c0500000, 0x00000000c0500000| Untracked 
|   6|0x00000000c0600000, 0x00000000c067eaa0, 0x00000000c0700000| 49%| O|  |TAMS 0x00000000c0600000, 0x00000000c0600000| Untracked 
|   7|0x00000000c0700000, 0x00000000c0700000, 0x00000000c0800000|  0%| F|  |TAMS 0x00000000c0700000, 0x00000000c0700000| Untracked 
|   8|0x00000000c0800000, 0x00000000c0800000, 0x00000000c0900000|  0%| F|  |TAMS 0x00000000c0800000, 0x00000000c0800000| Untracked 
|   9|0x00000000c0900000, 0x00000000c0900000, 0x00000000c0a00000|  0%| F|  |TAMS 0x00000000c0900000, 0x00000000c0900000| Untracked 
|  10|0x00000000c0a00000, 0x00000000c0a00000, 0x00000000c0b00000|  0%| F|  |TAMS 0x00000000c0a00000, 0x00000000c0a00000| Untracked 
|  11|0x00000000c0b00000, 0x00000000c0b00000, 0x00000000c0c00000|  0%| F|  |TAMS 0x00000000c0b00000, 0x00000000c0b00000| Untracked 
|  12|0x00000000c0c00000, 0x00000000c0c00000, 0x00000000c0d00000|  0%| F|  |TAMS 0x00000000c0c00000, 0x00000000c0c00000| Untracked 
|  13|0x00000000c0d00000, 0x00000000c0d00000, 0x00000000c0e00000|  0%| F|  |TAMS 0x00000000c0d00000, 0x00000000c0d00000| Untracked 
|  14|0x00000000c0e00000, 0x00000000c0e00000, 0x00000000c0f00000|  0%| F|  |TAMS 0x00000000c0e00000, 0x00000000c0e00000| Untracked 
|  15|0x00000000c0f00000, 0x00000000c0f00000, 0x00000000c1000000|  0%| F|  |TAMS 0x00000000c0f00000, 0x00000000c0f00000| Untracked 
|  16|0x00000000c1000000, 0x00000000c1000000, 0x00000000c1100000|  0%| F|  |TAMS 0x00000000c1000000, 0x00000000c1000000| Untracked 
|  17|0x00000000c1100000, 0x00000000c1100000, 0x00000000c1200000|  0%| F|  |TAMS 0x00000000c1100000, 0x00000000c1100000| Untracked 
|  18|0x00000000c1200000, 0x00000000c1200000, 0x00000000c1300000|  0%| F|  |TAMS 0x00000000c1200000, 0x00000000c1200000| Untracked 
|  19|0x00000000c1300000, 0x00000000c1300000, 0x00000000c1400000|  0%| F|  |TAMS 0x00000000c1300000, 0x00000000c1300000| Untracked 
|  20|0x00000000c1400000, 0x00000000c1400000, 0x00000000c1500000|  0%| F|  |TAMS 0x00000000c1400000, 0x00000000c1400000| Untracked 
|  21|0x00000000c1500000, 0x00000000c1500000, 0x00000000c1600000|  0%| F|  |TAMS 0x00000000c1500000, 0x00000000c1500000| Untracked 
|  22|0x00000000c1600000, 0x00000000c1600000, 0x00000000c1700000|  0%| F|  |TAMS 0x00000000c1600000, 0x00000000c1600000| Untracked 
|  23|0x00000000c1700000, 0x00000000c1700000, 0x00000000c1800000|  0%| F|  |TAMS 0x00000000c1700000, 0x00000000c1700000| Untracked 
|  24|0x00000000c1800000, 0x00000000c1800000, 0x00000000c1900000|  0%| F|  |TAMS 0x00000000c1800000, 0x00000000c1800000| Untracked 
|  25|0x00000000c1900000, 0x00000000c1900000, 0x00000000c1a00000|  0%| F|  |TAMS 0x00000000c1900000, 0x00000000c1900000| Untracked 
|  26|0x00000000c1a00000, 0x00000000c1a00000, 0x00000000c1b00000|  0%| F|  |TAMS 0x00000000c1a00000, 0x00000000c1a00000| Untracked 
|  27|0x00000000c1b00000, 0x00000000c1b00000, 0x00000000c1c00000|  0%| F|  |TAMS 0x00000000c1b00000, 0x00000000c1b00000| Untracked 
|  28|0x00000000c1c00000, 0x00000000c1c00000, 0x00000000c1d00000|  0%| F|  |TAMS 0x00000000c1c00000, 0x00000000c1c00000| Untracked 
|  29|0x00000000c1d00000, 0x00000000c1d00000, 0x00000000c1e00000|  0%| F|  |TAMS 0x00000000c1d00000, 0x00000000c1d00000| Untracked 
|  30|0x00000000c1e00000, 0x00000000c1e00000, 0x00000000c1f00000|  0%| F|  |TAMS 0x00000000c1e00000, 0x00000000c1e00000| Untracked 
|  31|0x00000000c1f00000, 0x00000000c1f00000, 0x00000000c2000000|  0%| F|  |TAMS 0x00000000c1f00000, 0x00000000c1f00000| Untracked 
|  32|0x00000000c2000000, 0x00000000c2000000, 0x00000000c2100000|  0%| F|  |TAMS 0x00000000c2000000, 0x00000000c2000000| Untracked 
|  33|0x00000000c2100000, 0x00000000c2100000, 0x00000000c2200000|  0%| F|  |TAMS 0x00000000c2100000, 0x00000000c2100000| Untracked 
|  34|0x00000000c2200000, 0x00000000c2200000, 0x00000000c2300000|  0%| F|  |TAMS 0x00000000c2200000, 0x00000000c2200000| Untracked 
|  35|0x00000000c2300000, 0x00000000c2300000, 0x00000000c2400000|  0%| F|  |TAMS 0x00000000c2300000, 0x00000000c2300000| Untracked 
|  36|0x00000000c2400000, 0x00000000c2400000, 0x00000000c2500000|  0%| F|  |TAMS 0x00000000c2400000, 0x00000000c2400000| Untracked 
|  37|0x00000000c2500000, 0x00000000c2500000, 0x00000000c2600000|  0%| F|  |TAMS 0x00000000c2500000, 0x00000000c2500000| Untracked 
|  38|0x00000000c2600000, 0x00000000c2600000, 0x00000000c2700000|  0%| F|  |TAMS 0x00000000c2600000, 0x00000000c2600000| Untracked 
|  39|0x00000000c2700000, 0x00000000c2700000, 0x00000000c2800000|  0%| F|  |TAMS 0x00000000c2700000, 0x00000000c2700000| Untracked 
|  40|0x00000000c2800000, 0x00000000c2800000, 0x00000000c2900000|  0%| F|  |TAMS 0x00000000c2800000, 0x00000000c2800000| Untracked 
|  41|0x00000000c2900000, 0x00000000c2900000, 0x00000000c2a00000|  0%| F|  |TAMS 0x00000000c2900000, 0x00000000c2900000| Untracked 
|  42|0x00000000c2a00000, 0x00000000c2a00000, 0x00000000c2b00000|  0%| F|  |TAMS 0x00000000c2a00000, 0x00000000c2a00000| Untracked 
|  43|0x00000000c2b00000, 0x00000000c2b00000, 0x00000000c2c00000|  0%| F|  |TAMS 0x00000000c2b00000, 0x00000000c2b00000| Untracked 
|  44|0x00000000c2c00000, 0x00000000c2c00000, 0x00000000c2d00000|  0%| F|  |TAMS 0x00000000c2c00000, 0x00000000c2c00000| Untracked 
|  45|0x00000000c2d00000, 0x00000000c2d00000, 0x00000000c2e00000|  0%| F|  |TAMS 0x00000000c2d00000, 0x00000000c2d00000| Untracked 
|  46|0x00000000c2e00000, 0x00000000c2e00000, 0x00000000c2f00000|  0%| F|  |TAMS 0x00000000c2e00000, 0x00000000c2e00000| Untracked 
|  47|0x00000000c2f00000, 0x00000000c2f00000, 0x00000000c3000000|  0%| F|  |TAMS 0x00000000c2f00000, 0x00000000c2f00000| Untracked 
|  48|0x00000000c3000000, 0x00000000c3000000, 0x00000000c3100000|  0%| F|  |TAMS 0x00000000c3000000, 0x00000000c3000000| Untracked 
|  49|0x00000000c3100000, 0x00000000c3100000, 0x00000000c3200000|  0%| F|  |TAMS 0x00000000c3100000, 0x00000000c3100000| Untracked 
|  50|0x00000000c3200000, 0x00000000c3200000, 0x00000000c3300000|  0%| F|  |TAMS 0x00000000c3200000, 0x00000000c3200000| Untracked 
|  51|0x00000000c3300000, 0x00000000c3300000, 0x00000000c3400000|  0%| F|  |TAMS 0x00000000c3300000, 0x00000000c3300000| Untracked 
|  52|0x00000000c3400000, 0x00000000c3400000, 0x00000000c3500000|  0%| F|  |TAMS 0x00000000c3400000, 0x00000000c3400000| Untracked 
|  53|0x00000000c3500000, 0x00000000c3500000, 0x00000000c3600000|  0%| F|  |TAMS 0x00000000c3500000, 0x00000000c3500000| Untracked 
|  54|0x00000000c3600000, 0x00000000c3600000, 0x00000000c3700000|  0%| F|  |TAMS 0x00000000c3600000, 0x00000000c3600000| Untracked 
|  55|0x00000000c3700000, 0x00000000c3700000, 0x00000000c3800000|  0%| F|  |TAMS 0x00000000c3700000, 0x00000000c3700000| Untracked 
|  56|0x00000000c3800000, 0x00000000c3800000, 0x00000000c3900000|  0%| F|  |TAMS 0x00000000c3800000, 0x00000000c3800000| Untracked 
|  57|0x00000000c3900000, 0x00000000c3900000, 0x00000000c3a00000|  0%| F|  |TAMS 0x00000000c3900000, 0x00000000c3900000| Untracked 
|  58|0x00000000c3a00000, 0x00000000c3a00000, 0x00000000c3b00000|  0%| F|  |TAMS 0x00000000c3a00000, 0x00000000c3a00000| Untracked 
|  59|0x00000000c3b00000, 0x00000000c3b00000, 0x00000000c3c00000|  0%| F|  |TAMS 0x00000000c3b00000, 0x00000000c3b00000| Untracked 
|  60|0x00000000c3c00000, 0x00000000c3c00000, 0x00000000c3d00000|  0%| F|  |TAMS 0x00000000c3c00000, 0x00000000c3c00000| Untracked 
|  61|0x00000000c3d00000, 0x00000000c3d00000, 0x00000000c3e00000|  0%| F|  |TAMS 0x00000000c3d00000, 0x00000000c3d00000| Untracked 
|  62|0x00000000c3e00000, 0x00000000c3e00000, 0x00000000c3f00000|  0%| F|  |TAMS 0x00000000c3e00000, 0x00000000c3e00000| Untracked 
|  63|0x00000000c3f00000, 0x00000000c3f00000, 0x00000000c4000000|  0%| F|  |TAMS 0x00000000c3f00000, 0x00000000c3f00000| Untracked 
|  64|0x00000000c4000000, 0x00000000c4000000, 0x00000000c4100000|  0%| F|  |TAMS 0x00000000c4000000, 0x00000000c4000000| Untracked 
|  65|0x00000000c4100000, 0x00000000c4100000, 0x00000000c4200000|  0%| F|  |TAMS 0x00000000c4100000, 0x00000000c4100000| Untracked 
|  66|0x00000000c4200000, 0x00000000c4200000, 0x00000000c4300000|  0%| F|  |TAMS 0x00000000c4200000, 0x00000000c4200000| Untracked 
|  67|0x00000000c4300000, 0x00000000c4300000, 0x00000000c4400000|  0%| F|  |TAMS 0x00000000c4300000, 0x00000000c4300000| Untracked 
|  68|0x00000000c4400000, 0x00000000c4400000, 0x00000000c4500000|  0%| F|  |TAMS 0x00000000c4400000, 0x00000000c4400000| Untracked 
|  69|0x00000000c4500000, 0x00000000c4500000, 0x00000000c4600000|  0%| F|  |TAMS 0x00000000c4500000, 0x00000000c4500000| Untracked 
|  70|0x00000000c4600000, 0x00000000c4600000, 0x00000000c4700000|  0%| F|  |TAMS 0x00000000c4600000, 0x00000000c4600000| Untracked 
|  71|0x00000000c4700000, 0x00000000c4700000, 0x00000000c4800000|  0%| F|  |TAMS 0x00000000c4700000, 0x00000000c4700000| Untracked 
|  72|0x00000000c4800000, 0x00000000c4800000, 0x00000000c4900000|  0%| F|  |TAMS 0x00000000c4800000, 0x00000000c4800000| Untracked 
|  73|0x00000000c4900000, 0x00000000c4900000, 0x00000000c4a00000|  0%| F|  |TAMS 0x00000000c4900000, 0x00000000c4900000| Untracked 
|  74|0x00000000c4a00000, 0x00000000c4a00000, 0x00000000c4b00000|  0%| F|  |TAMS 0x00000000c4a00000, 0x00000000c4a00000| Untracked 
|  75|0x00000000c4b00000, 0x00000000c4b00000, 0x00000000c4c00000|  0%| F|  |TAMS 0x00000000c4b00000, 0x00000000c4b00000| Untracked 
|  76|0x00000000c4c00000, 0x00000000c4c00000, 0x00000000c4d00000|  0%| F|  |TAMS 0x00000000c4c00000, 0x00000000c4c00000| Untracked 
|  77|0x00000000c4d00000, 0x00000000c4d00000, 0x00000000c4e00000|  0%| F|  |TAMS 0x00000000c4d00000, 0x00000000c4d00000| Untracked 
|  78|0x00000000c4e00000, 0x00000000c4e00000, 0x00000000c4f00000|  0%| F|  |TAMS 0x00000000c4e00000, 0x00000000c4e00000| Untracked 
|  79|0x00000000c4f00000, 0x00000000c4f00000, 0x00000000c5000000|  0%| F|  |TAMS 0x00000000c4f00000, 0x00000000c4f00000| Untracked 
|  80|0x00000000c5000000, 0x00000000c5000000, 0x00000000c5100000|  0%| F|  |TAMS 0x00000000c5000000, 0x00000000c5000000| Untracked 
|  81|0x00000000c5100000, 0x00000000c5100000, 0x00000000c5200000|  0%| F|  |TAMS 0x00000000c5100000, 0x00000000c5100000| Untracked 
|  82|0x00000000c5200000, 0x00000000c5200000, 0x00000000c5300000|  0%| F|  |TAMS 0x00000000c5200000, 0x00000000c5200000| Untracked 
|  83|0x00000000c5300000, 0x00000000c5300000, 0x00000000c5400000|  0%| F|  |TAMS 0x00000000c5300000, 0x00000000c5300000| Untracked 
|  84|0x00000000c5400000, 0x00000000c5400000, 0x00000000c5500000|  0%| F|  |TAMS 0x00000000c5400000, 0x00000000c5400000| Untracked 
|  85|0x00000000c5500000, 0x00000000c5500000, 0x00000000c5600000|  0%| F|  |TAMS 0x00000000c5500000, 0x00000000c5500000| Untracked 
|  86|0x00000000c5600000, 0x00000000c5600000, 0x00000000c5700000|  0%| F|  |TAMS 0x00000000c5600000, 0x00000000c5600000| Untracked 
|  87|0x00000000c5700000, 0x00000000c5700000, 0x00000000c5800000|  0%| F|  |TAMS 0x00000000c5700000, 0x00000000c5700000| Untracked 
|  88|0x00000000c5800000, 0x00000000c5800000, 0x00000000c5900000|  0%| F|  |TAMS 0x00000000c5800000, 0x00000000c5800000| Untracked 
|  89|0x00000000c5900000, 0x00000000c5900000, 0x00000000c5a00000|  0%| F|  |TAMS 0x00000000c5900000, 0x00000000c5900000| Untracked 
|  90|0x00000000c5a00000, 0x00000000c5a00000, 0x00000000c5b00000|  0%| F|  |TAMS 0x00000000c5a00000, 0x00000000c5a00000| Untracked 
|  91|0x00000000c5b00000, 0x00000000c5b00000, 0x00000000c5c00000|  0%| F|  |TAMS 0x00000000c5b00000, 0x00000000c5b00000| Untracked 
|  92|0x00000000c5c00000, 0x00000000c5c00000, 0x00000000c5d00000|  0%| F|  |TAMS 0x00000000c5c00000, 0x00000000c5c00000| Untracked 
|  93|0x00000000c5d00000, 0x00000000c5d00000, 0x00000000c5e00000|  0%| F|  |TAMS 0x00000000c5d00000, 0x00000000c5d00000| Untracked 
|  94|0x00000000c5e00000, 0x00000000c5e00000, 0x00000000c5f00000|  0%| F|  |TAMS 0x00000000c5e00000, 0x00000000c5e00000| Untracked 
|  95|0x00000000c5f00000, 0x00000000c5f00000, 0x00000000c6000000|  0%| F|  |TAMS 0x00000000c5f00000, 0x00000000c5f00000| Untracked 
|  96|0x00000000c6000000, 0x00000000c6000000, 0x00000000c6100000|  0%| F|  |TAMS 0x00000000c6000000, 0x00000000c6000000| Untracked 
|  97|0x00000000c6100000, 0x00000000c6100000, 0x00000000c6200000|  0%| F|  |TAMS 0x00000000c6100000, 0x00000000c6100000| Untracked 
|  98|0x00000000c6200000, 0x00000000c6200000, 0x00000000c6300000|  0%| F|  |TAMS 0x00000000c6200000, 0x00000000c6200000| Untracked 
|  99|0x00000000c6300000, 0x00000000c6300000, 0x00000000c6400000|  0%| F|  |TAMS 0x00000000c6300000, 0x00000000c6300000| Untracked 
| 100|0x00000000c6400000, 0x00000000c6400000, 0x00000000c6500000|  0%| F|  |TAMS 0x00000000c6400000, 0x00000000c6400000| Untracked 
| 101|0x00000000c6500000, 0x00000000c6500000, 0x00000000c6600000|  0%| F|  |TAMS 0x00000000c6500000, 0x00000000c6500000| Untracked 
| 102|0x00000000c6600000, 0x00000000c6600000, 0x00000000c6700000|  0%| F|  |TAMS 0x00000000c6600000, 0x00000000c6600000| Untracked 
| 103|0x00000000c6700000, 0x00000000c6700000, 0x00000000c6800000|  0%| F|  |TAMS 0x00000000c6700000, 0x00000000c6700000| Untracked 
| 104|0x00000000c6800000, 0x00000000c6800000, 0x00000000c6900000|  0%| F|  |TAMS 0x00000000c6800000, 0x00000000c6800000| Untracked 
| 105|0x00000000c6900000, 0x00000000c6900000, 0x00000000c6a00000|  0%| F|  |TAMS 0x00000000c6900000, 0x00000000c6900000| Untracked 
| 106|0x00000000c6a00000, 0x00000000c6a00000, 0x00000000c6b00000|  0%| F|  |TAMS 0x00000000c6a00000, 0x00000000c6a00000| Untracked 
| 107|0x00000000c6b00000, 0x00000000c6b00000, 0x00000000c6c00000|  0%| F|  |TAMS 0x00000000c6b00000, 0x00000000c6b00000| Untracked 
| 108|0x00000000c6c00000, 0x00000000c6c00000, 0x00000000c6d00000|  0%| F|  |TAMS 0x00000000c6c00000, 0x00000000c6c00000| Untracked 
| 109|0x00000000c6d00000, 0x00000000c6d00000, 0x00000000c6e00000|  0%| F|  |TAMS 0x00000000c6d00000, 0x00000000c6d00000| Untracked 
| 110|0x00000000c6e00000, 0x00000000c6e00000, 0x00000000c6f00000|  0%| F|  |TAMS 0x00000000c6e00000, 0x00000000c6e00000| Untracked 
| 111|0x00000000c6f00000, 0x00000000c6f00000, 0x00000000c7000000|  0%| F|  |TAMS 0x00000000c6f00000, 0x00000000c6f00000| Untracked 
| 112|0x00000000c7000000, 0x00000000c7000000, 0x00000000c7100000|  0%| F|  |TAMS 0x00000000c7000000, 0x00000000c7000000| Untracked 
| 113|0x00000000c7100000, 0x00000000c7100000, 0x00000000c7200000|  0%| F|  |TAMS 0x00000000c7100000, 0x00000000c7100000| Untracked 
| 114|0x00000000c7200000, 0x00000000c7200000, 0x00000000c7300000|  0%| F|  |TAMS 0x00000000c7200000, 0x00000000c7200000| Untracked 
| 115|0x00000000c7300000, 0x00000000c7300000, 0x00000000c7400000|  0%| F|  |TAMS 0x00000000c7300000, 0x00000000c7300000| Untracked 
| 116|0x00000000c7400000, 0x00000000c7400000, 0x00000000c7500000|  0%| F|  |TAMS 0x00000000c7400000, 0x00000000c7400000| Untracked 
| 117|0x00000000c7500000, 0x00000000c7500000, 0x00000000c7600000|  0%| F|  |TAMS 0x00000000c7500000, 0x00000000c7500000| Untracked 
| 118|0x00000000c7600000, 0x00000000c7600000, 0x00000000c7700000|  0%| F|  |TAMS 0x00000000c7600000, 0x00000000c7600000| Untracked 
| 119|0x00000000c7700000, 0x00000000c7700000, 0x00000000c7800000|  0%| F|  |TAMS 0x00000000c7700000, 0x00000000c7700000| Untracked 
| 120|0x00000000c7800000, 0x00000000c7800000, 0x00000000c7900000|  0%| F|  |TAMS 0x00000000c7800000, 0x00000000c7800000| Untracked 
| 121|0x00000000c7900000, 0x00000000c7900000, 0x00000000c7a00000|  0%| F|  |TAMS 0x00000000c7900000, 0x00000000c7900000| Untracked 
| 122|0x00000000c7a00000, 0x00000000c7a00000, 0x00000000c7b00000|  0%| F|  |TAMS 0x00000000c7a00000, 0x00000000c7a00000| Untracked 
| 123|0x00000000c7b00000, 0x00000000c7b00000, 0x00000000c7c00000|  0%| F|  |TAMS 0x00000000c7b00000, 0x00000000c7b00000| Untracked 
| 124|0x00000000c7c00000, 0x00000000c7c00000, 0x00000000c7d00000|  0%| F|  |TAMS 0x00000000c7c00000, 0x00000000c7c00000| Untracked 
| 125|0x00000000c7d00000, 0x00000000c7e00000, 0x00000000c7e00000|100%| E|  |TAMS 0x00000000c7d00000, 0x00000000c7d00000| Complete 
| 126|0x00000000c7e00000, 0x00000000c7f00000, 0x00000000c7f00000|100%| E|CS|TAMS 0x00000000c7e00000, 0x00000000c7e00000| Complete 
| 127|0x00000000c7f00000, 0x00000000c8000000, 0x00000000c8000000|100%| E|CS|TAMS 0x00000000c7f00000, 0x00000000c7f00000| Complete 

Card table byte_map: [0x0000028bd1b60000,0x0000028bd1d60000] _byte_map_base: 0x0000028bd1560000

Marking Bits (Prev, Next): (CMBitMap*) 0x0000028bbf230dc0, (CMBitMap*) 0x0000028bbf230d80
 Prev Bits: [0x0000028bd2f60000, 0x0000028bd3f60000)
 Next Bits: [0x0000028bd1f60000, 0x0000028bd2f60000)

Polling page: 0x0000028bbcf70000

Metaspace:

Usage:
  Non-class:     20.45 MB used.
      Class:      2.36 MB used.
       Both:     22.81 MB used.

Virtual space:
  Non-class space:       24.00 MB reserved,      20.75 MB ( 86%) committed,  3 nodes.
      Class space:        1.00 GB reserved,       2.56 MB ( <1%) committed,  1 nodes.
             Both:        1.02 GB reserved,      23.31 MB (  2%) committed. 

Chunk freelists:
   Non-Class:  2.92 MB
       Class:  1.49 MB
        Both:  4.41 MB

MaxMetaspaceSize: unlimited
CompressedClassSpaceSize: 1.00 GB
Initial GC threshold: 21.00 MB
Current GC threshold: 38.75 MB
CDS: off
MetaspaceReclaimPolicy: balanced
 - commit_granule_bytes: 65536.
 - commit_granule_words: 8192.
 - virtual_space_node_default_size: 1048576.
 - enlarge_chunks_in_place: 1.
 - new_chunks_are_fully_committed: 0.
 - uncommit_free_chunks: 1.
 - use_allocation_guard: 0.
 - handle_deallocations: 1.


Internal statistics:

num_allocs_failed_limit: 3.
num_arena_births: 324.
num_arena_deaths: 126.
num_vsnodes_births: 4.
num_vsnodes_deaths: 0.
num_space_committed: 373.
num_space_uncommitted: 0.
num_chunks_returned_to_freelist: 167.
num_chunks_taken_from_freelist: 691.
num_chunk_merges: 51.
num_chunk_splits: 399.
num_chunks_enlarged: 200.
num_purges: 4.
num_inconsistent_stats: 0.

CodeHeap 'non-profiled nmethods': size=120000Kb used=1136Kb max_used=1136Kb free=118863Kb
 bounds [0x0000028bca430000, 0x0000028bca6a0000, 0x0000028bd1960000]
CodeHeap 'profiled nmethods': size=120000Kb used=5163Kb max_used=5163Kb free=114836Kb
 bounds [0x0000028bc2960000, 0x0000028bc2e70000, 0x0000028bc9e90000]
CodeHeap 'non-nmethods': size=5760Kb used=1242Kb max_used=1324Kb free=4517Kb
 bounds [0x0000028bc9e90000, 0x0000028bca100000, 0x0000028bca430000]
 total_blobs=3084 nmethods=2537 adapters=459
 compilation: enabled
              stopped_count=0, restarted_count=0
 full_count=0

Compilation events (20 events):
Event: 7502.425 Thread 0x0000028bd7002210 nmethod 2532 0x0000028bc2e68c10 code [0x0000028bc2e68dc0, 0x0000028bc2e68fc8]
Event: 7543.817 Thread 0x0000028bd7002210 2533       3       java.io.ClassCache::get (56 bytes)
Event: 7543.845 Thread 0x0000028bd7002210 nmethod 2533 0x0000028bc2e69090 code [0x0000028bc2e69320, 0x0000028bc2e6a0c8]
Event: 7552.824 Thread 0x0000028bd7000dc0 2534   !   4       java.io.ObjectOutputStream::writeObject (38 bytes)
Event: 7552.835 Thread 0x0000028bd7000dc0 nmethod 2534 0x0000028bca54a910 code [0x0000028bca54aaa0, 0x0000028bca54abb8]
Event: 8102.453 Thread 0x0000028bd7002210 2535       1       java.net.StandardSocketOptions$StdSocketOption::type (5 bytes)
Event: 8102.456 Thread 0x0000028bd7002210 nmethod 2535 0x0000028bca54ac90 code [0x0000028bca54ae20, 0x0000028bca54aef8]
Event: 8102.457 Thread 0x0000028bd7002210 2536       1       sun.net.ext.ExtendedSocketOptions::options (5 bytes)
Event: 8102.461 Thread 0x0000028bd7002210 nmethod 2536 0x0000028bca54af90 code [0x0000028bca54b120, 0x0000028bca54b1f8]
Event: 8102.462 Thread 0x0000028bd7002210 2537       1       sun.nio.ch.OptionKey::level (5 bytes)
Event: 8102.462 Thread 0x0000028bd7002210 nmethod 2537 0x0000028bca54b290 code [0x0000028bca54b420, 0x0000028bca54b4f8]
Event: 8102.462 Thread 0x0000028bd7002210 2538       1       sun.nio.ch.OptionKey::name (5 bytes)
Event: 8102.462 Thread 0x0000028bd7002210 nmethod 2538 0x0000028bca54b590 code [0x0000028bca54b720, 0x0000028bca54b7f8]
Event: 8102.462 Thread 0x0000028bd7002210 2539       1       java.net.Socket::isConnected (5 bytes)
Event: 8102.462 Thread 0x0000028bd7002210 nmethod 2539 0x0000028bca54b890 code [0x0000028bca54ba20, 0x0000028bca54baf8]
Event: 8402.465 Thread 0x0000028bd7002210 2540       3       sun.nio.ch.NioSocketImpl::ensureOpen (35 bytes)
Event: 8402.474 Thread 0x0000028bd7002210 nmethod 2540 0x0000028bc2e6a610 code [0x0000028bc2e6a7e0, 0x0000028bc2e6ab18]
Event: 8444.331 Thread 0x0000028bd7000dc0 2541       4       java.io.DataOutputStream::writeByte (14 bytes)
Event: 8444.386 Thread 0x0000028bd7000dc0 nmethod 2541 0x0000028bca54bb90 code [0x0000028bca54bd20, 0x0000028bca54bfd8]
Event: 8714.512 Thread 0x0000028bd7000dc0 2542       4       java.io.ObjectOutputStream$BlockDataOutputStream::drain (45 bytes)

GC Heap History (8 events):
Event: 1.363 GC heap before
{Heap before GC invocations=0 (full 0):
 garbage-first heap   total 131072K, used 12288K [0x00000000c0000000, 0x0000000100000000)
  region size 1024K, 13 young (13312K), 0 survivors (0K)
 Metaspace       used 13563K, committed 13824K, reserved 1064960K
  class space    used 1419K, committed 1536K, reserved 1048576K
}
Event: 1.371 GC heap after
{Heap after GC invocations=1 (full 0):
 garbage-first heap   total 131072K, used 4136K [0x00000000c0000000, 0x0000000100000000)
  region size 1024K, 2 young (2048K), 2 survivors (2048K)
 Metaspace       used 13563K, committed 13824K, reserved 1064960K
  class space    used 1419K, committed 1536K, reserved 1048576K
}
Event: 2.200 GC heap before
{Heap before GC invocations=1 (full 0):
 garbage-first heap   total 131072K, used 13352K [0x00000000c0000000, 0x0000000100000000)
  region size 1024K, 13 young (13312K), 2 survivors (2048K)
 Metaspace       used 21256K, committed 21504K, reserved 1073152K
  class space    used 2298K, committed 2432K, reserved 1048576K
}
Event: 2.207 GC heap after
{Heap after GC invocations=2 (full 0):
 garbage-first heap   total 131072K, used 5940K [0x00000000c0000000, 0x0000000100000000)
  region size 1024K, 2 young (2048K), 2 survivors (2048K)
 Metaspace       used 21256K, committed 21504K, reserved 1073152K
  class space    used 2298K, committed 2432K, reserved 1048576K
}
Event: 3602.638 GC heap before
{Heap before GC invocations=3 (full 0):
 garbage-first heap   total 131072K, used 29492K [0x00000000c0000000, 0x0000000100000000)
  region size 1024K, 26 young (26624K), 2 survivors (2048K)
 Metaspace       used 23465K, committed 23808K, reserved 1073152K
  class space    used 2453K, committed 2624K, reserved 1048576K
}
Event: 3603.580 GC heap after
{Heap after GC invocations=4 (full 1):
 garbage-first heap   total 131072K, used 6526K [0x00000000c0000000, 0x0000000100000000)
  region size 1024K, 0 young (0K), 0 survivors (0K)
 Metaspace       used 23445K, committed 23808K, reserved 1073152K
  class space    used 2449K, committed 2624K, reserved 1048576K
}
Event: 7203.612 GC heap before
{Heap before GC invocations=4 (full 1):
 garbage-first heap   total 131072K, used 14718K [0x00000000c0000000, 0x0000000100000000)
  region size 1024K, 9 young (9216K), 0 survivors (0K)
 Metaspace       used 23471K, committed 23808K, reserved 1073152K
  class space    used 2449K, committed 2624K, reserved 1048576K
}
Event: 7204.029 GC heap after
{Heap after GC invocations=5 (full 2):
 garbage-first heap   total 131072K, used 6135K [0x00000000c0000000, 0x0000000100000000)
  region size 1024K, 0 young (0K), 0 survivors (0K)
 Metaspace       used 23345K, committed 23808K, reserved 1073152K
  class space    used 2419K, committed 2624K, reserved 1048576K
}

Dll operation events (1 events):
Event: 0.051 Loaded shared library C:\Program Files\JetBrains\IntelliJ IDEA 2023.1.2\jbr\bin\java.dll

Deoptimization events (20 events):
Event: 1680.899 Thread 0x0000028bd7437770 Uncommon trap: trap_request=0xffffff45 fr.pc=0x0000028bca4e3dc4 relative=0x00000000000001a4
Event: 1680.899 Thread 0x0000028bd7437770 Uncommon trap: reason=unstable_if action=reinterpret pc=0x0000028bca4e3dc4 method=java.io.ObjectOutputStream$HandleTable.lookup(Ljava/lang/Object;)I @ 39 c2
Event: 1680.899 Thread 0x0000028bd7437770 DEOPT PACKING pc=0x0000028bca4e3dc4 sp=0x000000b5c50fe340
Event: 1680.900 Thread 0x0000028bd7437770 DEOPT UNPACKING pc=0x0000028bc9ee69a3 sp=0x000000b5c50fe2c8 mode 2
Event: 6366.322 Thread 0x0000028bd74372a0 Uncommon trap: trap_request=0xffffff45 fr.pc=0x0000028bca520d88 relative=0x00000000000064e8
Event: 6366.323 Thread 0x0000028bd74372a0 Uncommon trap: reason=unstable_if action=reinterpret pc=0x0000028bca520d88 method=java.io.ObjectOutputStream$HandleTable.assign(Ljava/lang/Object;)I @ 24 c2
Event: 6366.323 Thread 0x0000028bd74372a0 DEOPT PACKING pc=0x0000028bca520d88 sp=0x000000b5c4efe6d0
Event: 6366.324 Thread 0x0000028bd74372a0 DEOPT UNPACKING pc=0x0000028bc9ee69a3 sp=0x000000b5c4efe5e0 mode 2
Event: 6366.326 Thread 0x0000028bd74372a0 Uncommon trap: trap_request=0xffffff45 fr.pc=0x0000028bca4ddc90 relative=0x00000000000003d0
Event: 6366.326 Thread 0x0000028bd74372a0 Uncommon trap: reason=unstable_if action=reinterpret pc=0x0000028bca4ddc90 method=java.io.BufferedOutputStream.write([BII)V @ 35 c2
Event: 6366.326 Thread 0x0000028bd74372a0 DEOPT PACKING pc=0x0000028bca4ddc90 sp=0x000000b5c4efe4e0
Event: 6366.326 Thread 0x0000028bd74372a0 DEOPT UNPACKING pc=0x0000028bc9ee69a3 sp=0x000000b5c4efe428 mode 2
Event: 6366.327 Thread 0x0000028bd74372a0 Uncommon trap: trap_request=0xffffff45 fr.pc=0x0000028bca4ea334 relative=0x0000000000000294
Event: 6366.327 Thread 0x0000028bd74372a0 Uncommon trap: reason=unstable_if action=reinterpret pc=0x0000028bca4ea334 method=java.io.BufferedOutputStream.write([BII)V @ 35 c2
Event: 6366.327 Thread 0x0000028bd74372a0 DEOPT PACKING pc=0x0000028bca4ea334 sp=0x000000b5c4efe450
Event: 6366.328 Thread 0x0000028bd74372a0 DEOPT UNPACKING pc=0x0000028bc9ee69a3 sp=0x000000b5c4efe418 mode 2
Event: 7208.293 Thread 0x0000028bd7437c40 Uncommon trap: trap_request=0xffffff45 fr.pc=0x0000028bca4f94c4 relative=0x0000000000000384
Event: 7208.293 Thread 0x0000028bd7437c40 Uncommon trap: reason=unstable_if action=reinterpret pc=0x0000028bca4f94c4 method=java.io.ClassCache.processQueue()V @ 9 c2
Event: 7208.294 Thread 0x0000028bd7437c40 DEOPT PACKING pc=0x0000028bca4f94c4 sp=0x000000b5c33fe980
Event: 7208.294 Thread 0x0000028bd7437c40 DEOPT UNPACKING pc=0x0000028bc9ee69a3 sp=0x000000b5c33fe8c8 mode 2

Classes unloaded (20 events):
Event: 7203.683 Thread 0x0000028bd6424f10 Unloading class 0x0000000100105c00 'java/lang/invoke/LambdaForm$MH+0x0000000100105c00'
Event: 7203.683 Thread 0x0000028bd6424f10 Unloading class 0x0000000100105800 'java/lang/invoke/LambdaForm$MH+0x0000000100105800'
Event: 7203.683 Thread 0x0000028bd6424f10 Unloading class 0x0000000100105000 'java/lang/invoke/LambdaForm$MH+0x0000000100105000'
Event: 7203.683 Thread 0x0000028bd6424f10 Unloading class 0x0000000100104c00 'java/lang/invoke/LambdaForm$MH+0x0000000100104c00'
Event: 7203.683 Thread 0x0000028bd6424f10 Unloading class 0x0000000100104800 'java/lang/invoke/LambdaForm$MH+0x0000000100104800'
Event: 7203.683 Thread 0x0000028bd6424f10 Unloading class 0x0000000100104400 'java/lang/invoke/LambdaForm$MH+0x0000000100104400'
Event: 7203.683 Thread 0x0000028bd6424f10 Unloading class 0x0000000100104000 'java/lang/invoke/LambdaForm$MH+0x0000000100104000'
Event: 7203.683 Thread 0x0000028bd6424f10 Unloading class 0x0000000100102c00 'java/lang/invoke/LambdaForm$MH+0x0000000100102c00'
Event: 7203.683 Thread 0x0000028bd6424f10 Unloading class 0x0000000100102000 'java/lang/invoke/LambdaForm$MH+0x0000000100102000'
Event: 7203.683 Thread 0x0000028bd6424f10 Unloading class 0x0000000100101800 'java/lang/invoke/LambdaForm$MH+0x0000000100101800'
Event: 7203.683 Thread 0x0000028bd6424f10 Unloading class 0x0000000100101000 'java/lang/invoke/LambdaForm$MH+0x0000000100101000'
Event: 7203.683 Thread 0x0000028bd6424f10 Unloading class 0x0000000100100800 'java/lang/invoke/LambdaForm$MH+0x0000000100100800'
Event: 7203.683 Thread 0x0000028bd6424f10 Unloading class 0x00000001000cec00 'java/lang/invoke/LambdaForm$MH+0x00000001000cec00'
Event: 7203.683 Thread 0x0000028bd6424f10 Unloading class 0x00000001000ce800 'java/lang/invoke/LambdaForm$MH+0x00000001000ce800'
Event: 7203.684 Thread 0x0000028bd6424f10 Unloading class 0x00000001000ce000 'java/lang/invoke/LambdaForm$MH+0x00000001000ce000'
Event: 7203.684 Thread 0x0000028bd6424f10 Unloading class 0x00000001000cd800 'java/lang/invoke/LambdaForm$DMH+0x00000001000cd800'
Event: 7203.684 Thread 0x0000028bd6424f10 Unloading class 0x00000001000cd000 'java/lang/invoke/LambdaForm$DMH+0x00000001000cd000'
Event: 7203.685 Thread 0x0000028bd6424f10 Unloading class 0x00000001000cac00 'java/lang/invoke/LambdaForm$MH+0x00000001000cac00'
Event: 7203.685 Thread 0x0000028bd6424f10 Unloading class 0x00000001000ca000 'java/lang/invoke/LambdaForm$MH+0x00000001000ca000'
Event: 7203.685 Thread 0x0000028bd6424f10 Unloading class 0x00000001000c1c00 'java/lang/invoke/LambdaForm$MH+0x00000001000c1c00'

Classes redefined (0 events):
No events

Internal exceptions (20 events):
Event: 0.614 Thread 0x0000028bbf1f6860 Exception <a 'java/lang/NoSuchMethodError'{0x00000000c7bced68}: 'java.lang.Object java.lang.invoke.DirectMethodHandle$Holder.invokeStaticInit(java.lang.Object, int, int, int, int)'> (0x00000000c7bced68) 
thrown [s\src\hotspot\share\interpreter\linkResolver.cpp, line 771]
Event: 0.704 Thread 0x0000028bbf1f6860 Exception <a 'java/lang/NoSuchMethodError'{0x00000000c7a4b938}: 'java.lang.Object java.lang.invoke.DirectMethodHandle$Holder.invokeStaticInit(java.lang.Object, java.lang.Object, int, int, int, int)'> (0x00000000c7a4b938) 
thrown [s\src\hotspot\share\interpreter\linkResolver.cpp, line 771]
Event: 0.833 Thread 0x0000028bbf1f6860 Exception <a 'java/lang/NoSuchMethodError'{0x00000000c78899b8}: 'java.lang.Object java.lang.invoke.Invokers$Holder.linkToTargetMethod(java.lang.Object, long, java.lang.Object)'> (0x00000000c78899b8) 
thrown [s\src\hotspot\share\interpreter\linkResolver.cpp, line 771]
Event: 0.955 Thread 0x0000028bd7435a90 Exception <a 'java/lang/NoSuchMethodError'{0x00000000c761daa0}: static [B.<clinit>()V> (0x00000000c761daa0) 
thrown [s\src\hotspot\share\prims\jni.cpp, line 1108]
Event: 1.165 Thread 0x0000028bd7437770 Exception <a 'java/lang/NoSuchMethodError'{0x00000000c7697f58}: static [Ljava/rmi/server/ObjID;.<clinit>()V> (0x00000000c7697f58) 
thrown [s\src\hotspot\share\prims\jni.cpp, line 1108]
Event: 1.170 Thread 0x0000028bd7435f60 Exception <a 'java/lang/InterruptedException'{0x00000000c76c8448}> (0x00000000c76c8448) 
thrown [s\src\hotspot\share\runtime\objectMonitor.cpp, line 1648]
Event: 1.171 Thread 0x0000028bd7437770 Exception <a 'java/lang/NoSuchMethodError'{0x00000000c769f8e8}: 'void java.lang.invoke.DirectMethodHandle$Holder.invokeSpecial(java.lang.Object, java.lang.Object, java.lang.Object)'> (0x00000000c769f8e8) 
thrown [s\src\hotspot\share\interpreter\linkResolver.cpp, line 771]
Event: 1.172 Thread 0x0000028bd7435f60 Exception <a 'java/lang/NoSuchMethodError'{0x00000000c76d0be8}: 'java.lang.Object java.lang.invoke.DirectMethodHandle$Holder.newInvokeSpecial(java.lang.Object, java.lang.Object, int, java.lang.Object, long)'> (0x00000000c76d0be8) 
thrown [s\src\hotspot\share\interpreter\linkResolver.cpp, line 771]
Event: 1.172 Thread 0x0000028bd7437770 Exception <a 'java/lang/NoSuchMethodError'{0x00000000c76a2e50}: 'void java.lang.invoke.Invokers$Holder.invoke_MT(java.lang.Object, java.lang.Object, java.lang.Object)'> (0x00000000c76a2e50) 
thrown [s\src\hotspot\share\interpreter\linkResolver.cpp, line 771]
Event: 1.311 Thread 0x0000028bd7437770 Exception <a 'java/lang/NoSuchMethodError'{0x00000000c7338b90}: 'java.lang.Object java.lang.invoke.DirectMethodHandle$Holder.invokeInterface(java.lang.Object, java.lang.Object)'> (0x00000000c7338b90) 
thrown [s\src\hotspot\share\interpreter\linkResolver.cpp, line 771]
Event: 1.357 Thread 0x0000028bd7437770 Exception <a 'java/lang/NoSuchMethodError'{0x00000000c73c0518}: 'java.lang.Object java.lang.invoke.DirectMethodHandle$Holder.invokeVirtual(java.lang.Object, java.lang.Object, java.lang.Object)'> (0x00000000c73c0518) 
thrown [s\src\hotspot\share\interpreter\linkResolver.cpp, line 771]
Event: 1.687 Thread 0x0000028bd7437770 Exception <a 'java/lang/NoSuchMethodError'{0x00000000c7acb980}: 'void java.lang.invoke.DirectMethodHandle$Holder.invokeStaticInit(java.lang.Object, java.lang.Object)'> (0x00000000c7acb980) 
thrown [s\src\hotspot\share\interpreter\linkResolver.cpp, line 771]
Event: 1.804 Thread 0x0000028bd7437770 Exception <a 'sun/nio/fs/WindowsException'{0x00000000c7854cc0}> (0x00000000c7854cc0) 
thrown [s\src\hotspot\share\prims\jni.cpp, line 517]
Event: 1.827 Thread 0x0000028bd7437770 Exception <a 'java/lang/NoSuchMethodError'{0x00000000c78796d8}: 'int java.lang.invoke.DirectMethodHandle$Holder.invokeStaticInit(java.lang.Object, java.lang.Object, java.lang.Object, java.lang.Object)'> (0x00000000c78796d8) 
thrown [s\src\hotspot\share\interpreter\linkResolver.cpp, line 771]
Event: 1.828 Thread 0x0000028bd7437770 Exception <a 'java/lang/IncompatibleClassChangeError'{0x00000000c7882b28}: Found class java.lang.Object, but interface was expected> (0x00000000c7882b28) 
thrown [s\src\hotspot\share\interpreter\linkResolver.cpp, line 838]
Event: 1.829 Thread 0x0000028bd7437770 Exception <a 'java/lang/NoSuchMethodError'{0x00000000c7888030}: 'int java.lang.invoke.DirectMethodHandle$Holder.invokeStaticInit(java.lang.Object, java.lang.Object)'> (0x00000000c7888030) 
thrown [s\src\hotspot\share\interpreter\linkResolver.cpp, line 771]
Event: 2.326 Thread 0x0000028bd7437770 Implicit null exception at 0x0000028bca46f6f2 to 0x0000028bca46fd0c
Event: 2.327 Thread 0x0000028bd7437770 Exception <a 'java/lang/NoSuchMethodError'{0x00000000c7d0a220}: 'java.lang.Object java.lang.invoke.DirectMethodHandle$Holder.newInvokeSpecial(java.lang.Object, java.lang.Object, int)'> (0x00000000c7d0a220) 
thrown [s\src\hotspot\share\interpreter\linkResolver.cpp, line 771]
Event: 3.450 Thread 0x0000028bd7437770 Exception <a 'java/lang/NoSuchMethodError'{0x00000000c79edd68}: static Lcom/intellij/database/remote/jdbc/RemoteResultSet$DataRetrievingOptions;.<clinit>()V> (0x00000000c79edd68) 
thrown [s\src\hotspot\share\prims\jni.cpp, line 1108]
Event: 3.459 Thread 0x0000028bd7437770 Exception <a 'java/lang/NoSuchMethodError'{0x00000000c78044a0}: static [Ljava/lang/Object;.<clinit>()V> (0x00000000c78044a0) 
thrown [s\src\hotspot\share\prims\jni.cpp, line 1108]

VM Operations (20 events):
Event: 5865.756 Executing VM operation: Cleanup
Event: 5865.758 Executing VM operation: Cleanup done
Event: 6002.833 Executing VM operation: Cleanup
Event: 6002.837 Executing VM operation: Cleanup done
Event: 6036.853 Executing VM operation: Cleanup
Event: 6036.853 Executing VM operation: Cleanup done
Event: 6302.982 Executing VM operation: Cleanup
Event: 6302.985 Executing VM operation: Cleanup done
Event: 6365.014 Executing VM operation: Cleanup
Event: 6365.167 Executing VM operation: Cleanup done
Event: 6370.167 Executing VM operation: Cleanup
Event: 6370.167 Executing VM operation: Cleanup done
Event: 6416.193 Executing VM operation: Cleanup
Event: 6416.196 Executing VM operation: Cleanup done
Event: 6515.240 Executing VM operation: Cleanup
Event: 6515.243 Executing VM operation: Cleanup done
Event: 6767.370 Executing VM operation: Cleanup
Event: 6767.374 Executing VM operation: Cleanup done
Event: 7203.600 Executing VM operation: G1CollectFull
Event: 7204.029 Executing VM operation: G1CollectFull done

Events (20 events):
Event: 1727.160 Thread 0x0000028bd7436dd0 Thread added: 0x0000028bd7436dd0
Event: 1727.175 Thread 0x0000028bd7436900 Thread exited: 0x0000028bd7436900
Event: 1727.175 Thread 0x0000028bd7436dd0 Thread exited: 0x0000028bd7436dd0
Event: 1727.175 Thread 0x0000028bd7435a90 Thread exited: 0x0000028bd7435a90
Event: 1727.176 Thread 0x0000028bd7437c40 Thread exited: 0x0000028bd7437c40
Event: 1727.179 Thread 0x0000028bd7438110 Thread exited: 0x0000028bd7438110
Event: 2859.836 Thread 0x0000028bd7437c40 Thread added: 0x0000028bd7437c40
Event: 2939.997 Thread 0x0000028bd7437770 Thread exited: 0x0000028bd7437770
Event: 6364.964 Thread 0x0000028bd7437770 Thread added: 0x0000028bd7437770
Event: 6376.693 Thread 0x0000028bd7436dd0 Thread added: 0x0000028bd7436dd0
Event: 6376.693 Thread 0x0000028bd7435a90 Thread added: 0x0000028bd7435a90
Event: 6376.694 Thread 0x0000028bd7438110 Thread added: 0x0000028bd7438110
Event: 6376.694 Thread 0x0000028bd74385e0 Thread added: 0x0000028bd74385e0
Event: 6376.696 Thread 0x0000028bd7438ab0 Thread added: 0x0000028bd7438ab0
Event: 6376.749 Thread 0x0000028bd7435a90 Thread exited: 0x0000028bd7435a90
Event: 6376.758 Thread 0x0000028bd7436dd0 Thread exited: 0x0000028bd7436dd0
Event: 6376.760 Thread 0x0000028bd74385e0 Thread exited: 0x0000028bd74385e0
Event: 6376.761 Thread 0x0000028bd7438ab0 Thread exited: 0x0000028bd7438ab0
Event: 6376.777 Thread 0x0000028bd7438110 Thread exited: 0x0000028bd7438110
Event: 6492.541 Thread 0x0000028bd74372a0 Thread exited: 0x0000028bd74372a0


Dynamic libraries:
0x00007ff79bac0000 - 0x00007ff79baca000 	C:\Program Files\JetBrains\IntelliJ IDEA 2023.1.2\jbr\bin\java.exe
0x00007fffd4f10000 - 0x00007fffd5108000 	C:\Windows\SYSTEM32\ntdll.dll
0x00007fffd2f30000 - 0x00007fffd2ff2000 	C:\Windows\System32\KERNEL32.DLL
0x00007fffd2830000 - 0x00007fffd2b2e000 	C:\Windows\System32\KERNELBASE.dll
0x00007fffd25b0000 - 0x00007fffd26b0000 	C:\Windows\System32\ucrtbase.dll
0x00007fffc2b50000 - 0x00007fffc2b6b000 	C:\Program Files\JetBrains\IntelliJ IDEA 2023.1.2\jbr\bin\VCRUNTIME140.dll
0x00007fffbc680000 - 0x00007fffbc697000 	C:\Program Files\JetBrains\IntelliJ IDEA 2023.1.2\jbr\bin\jli.dll
0x00007fffd4b80000 - 0x00007fffd4d1d000 	C:\Windows\System32\USER32.dll
0x00007fffd2800000 - 0x00007fffd2822000 	C:\Windows\System32\win32u.dll
0x00007fffd3f70000 - 0x00007fffd3f9b000 	C:\Windows\System32\GDI32.dll
0x00007fffd1970000 - 0x00007fffd1c0a000 	C:\Windows\WinSxS\amd64_microsoft.windows.common-controls_6595b64144ccf1df_6.0.19041.4355_none_60b8b9eb71f62e16\COMCTL32.dll
0x00007fffd4500000 - 0x00007fffd459e000 	C:\Windows\System32\msvcrt.dll
0x00007fffd26e0000 - 0x00007fffd27f7000 	C:\Windows\System32\gdi32full.dll
0x00007fffd2c30000 - 0x00007fffd2ccd000 	C:\Windows\System32\msvcp_win.dll
0x00007fffd3550000 - 0x00007fffd357f000 	C:\Windows\System32\IMM32.DLL
0x00007fffca3a0000 - 0x00007fffca3ac000 	C:\Program Files\JetBrains\IntelliJ IDEA 2023.1.2\jbr\bin\vcruntime140_1.dll
0x00007fff9d9c0000 - 0x00007fff9da4d000 	C:\Program Files\JetBrains\IntelliJ IDEA 2023.1.2\jbr\bin\msvcp140.dll
0x00007fffa7020000 - 0x00007fffa7c8e000 	C:\Program Files\JetBrains\IntelliJ IDEA 2023.1.2\jbr\bin\server\jvm.dll
0x00007fffd3580000 - 0x00007fffd3632000 	C:\Windows\System32\ADVAPI32.dll
0x00007fffd34b0000 - 0x00007fffd3550000 	C:\Windows\System32\sechost.dll
0x00007fffd4920000 - 0x00007fffd4a43000 	C:\Windows\System32\RPCRT4.dll
0x00007fffd26b0000 - 0x00007fffd26d7000 	C:\Windows\System32\bcrypt.dll
0x00007fffcf570000 - 0x00007fffcf579000 	C:\Windows\SYSTEM32\WSOCK32.dll
0x00007fffd3fa0000 - 0x00007fffd400b000 	C:\Windows\System32\WS2_32.dll
0x00007fffba7e0000 - 0x00007fffba807000 	C:\Windows\SYSTEM32\WINMM.dll
0x00007fffc8460000 - 0x00007fffc846a000 	C:\Windows\SYSTEM32\VERSION.dll
0x00007fffd0750000 - 0x00007fffd0762000 	C:\Windows\SYSTEM32\kernel.appcore.dll
0x00007fffbc6b0000 - 0x00007fffbc6ba000 	C:\Program Files\JetBrains\IntelliJ IDEA 2023.1.2\jbr\bin\jimage.dll
0x00007fffd1e00000 - 0x00007fffd1fe4000 	C:\Windows\SYSTEM32\DBGHELP.DLL
0x00007fffd1d40000 - 0x00007fffd1d74000 	C:\Windows\SYSTEM32\dbgcore.DLL
0x00007fffd2ba0000 - 0x00007fffd2c22000 	C:\Windows\System32\bcryptPrimitives.dll
0x00007fffaf520000 - 0x00007fffaf545000 	C:\Program Files\JetBrains\IntelliJ IDEA 2023.1.2\jbr\bin\java.dll
0x00007fffaf500000 - 0x00007fffaf518000 	C:\Program Files\JetBrains\IntelliJ IDEA 2023.1.2\jbr\bin\zip.dll
0x00007fffd3750000 - 0x00007fffd3ebf000 	C:\Windows\System32\SHELL32.dll
0x00007fffcf900000 - 0x00007fffd00a4000 	C:\Windows\SYSTEM32\windows.storage.dll
0x00007fffd45c0000 - 0x00007fffd4913000 	C:\Windows\System32\combase.dll
0x00007fffd18d0000 - 0x00007fffd18fe000 	C:\Windows\SYSTEM32\Wldp.dll
0x00007fffd3240000 - 0x00007fffd330d000 	C:\Windows\System32\OLEAUT32.dll
0x00007fffd3190000 - 0x00007fffd323d000 	C:\Windows\System32\SHCORE.dll
0x00007fffd3130000 - 0x00007fffd3185000 	C:\Windows\System32\shlwapi.dll
0x00007fffd24e0000 - 0x00007fffd2504000 	C:\Windows\SYSTEM32\profapi.dll
0x00007fffca380000 - 0x00007fffca399000 	C:\Program Files\JetBrains\IntelliJ IDEA 2023.1.2\jbr\bin\net.dll
0x00007fffc7dd0000 - 0x00007fffc7edd000 	C:\Windows\SYSTEM32\WINHTTP.dll
0x00007fffd17a0000 - 0x00007fffd180a000 	C:\Windows\system32\mswsock.dll
0x00007fffa6f50000 - 0x00007fffa6f66000 	C:\Program Files\JetBrains\IntelliJ IDEA 2023.1.2\jbr\bin\nio.dll
0x00007fffd1310000 - 0x00007fffd134b000 	C:\Windows\SYSTEM32\IPHLPAPI.DLL
0x00007fffd4010000 - 0x00007fffd4018000 	C:\Windows\System32\NSI.dll
0x00007fffc8260000 - 0x00007fffc8277000 	C:\Windows\SYSTEM32\dhcpcsvc6.DLL
0x00007fffc8af0000 - 0x00007fffc8b0d000 	C:\Windows\SYSTEM32\dhcpcsvc.DLL
0x00007fffd1350000 - 0x00007fffd141a000 	C:\Windows\SYSTEM32\DNSAPI.dll
0x00007fffd2320000 - 0x00007fffd2338000 	C:\Windows\SYSTEM32\CRYPTSP.dll
0x00007fffd0fb0000 - 0x00007fffd0fe4000 	C:\Windows\system32\rsaenh.dll
0x00007fffd24a0000 - 0x00007fffd24ce000 	C:\Windows\SYSTEM32\USERENV.dll
0x00007fffd1890000 - 0x00007fffd189c000 	C:\Windows\SYSTEM32\CRYPTBASE.dll
0x00007fffd0320000 - 0x00007fffd0327000 	C:\Program Files\JetBrains\IntelliJ IDEA 2023.1.2\jbr\bin\rmi.dll
0x00007fffc5e30000 - 0x00007fffc5e3a000 	C:\Windows\System32\rasadhlp.dll
0x00007fffc5be0000 - 0x00007fffc5c60000 	C:\Windows\System32\fwpuclnt.dll
0x00007fffa6d10000 - 0x00007fffa6d1e000 	C:\Program Files\JetBrains\IntelliJ IDEA 2023.1.2\jbr\bin\sunmscapi.dll
0x00007fffd2cd0000 - 0x00007fffd2e2c000 	C:\Windows\System32\CRYPT32.dll
0x00007fffd1940000 - 0x00007fffd1967000 	C:\Windows\SYSTEM32\ncrypt.dll
0x00007fffd1900000 - 0x00007fffd193b000 	C:\Windows\SYSTEM32\NTASN1.dll

dbghelp: loaded successfully - version: 4.0.5 - missing functions: none
symbol engine: initialized successfully - sym options: 0x614 - pdb path: .;C:\Program Files\JetBrains\IntelliJ IDEA 2023.1.2\jbr\bin;C:\Windows\SYSTEM32;C:\Windows\WinSxS\amd64_microsoft.windows.common-controls_6595b64144ccf1df_6.0.19041.4355_none_60b8b9eb71f62e16;C:\Program Files\JetBrains\IntelliJ IDEA 2023.1.2\jbr\bin\server

VM Arguments:
jvm_args: -Djava.rmi.server.hostname=127.0.0.1 -Duser.timezone=UTC -Xmx1024m -Xms128m --add-exports=java.desktop/sun.awt=ALL-UNNAMED --add-exports=java.desktop/java.awt.peer=ALL-UNNAMED --add-opens=java.desktop/java.awt=ALL-UNNAMED --add-opens=jdk.unsupported/sun.misc=ALL-UNNAMED --add-opens=java.base/java.nio=ALL-UNNAMED --add-opens=java.base/java.util=ALL-UNNAMED -Dfile.encoding=UTF-8 
java_command: com.intellij.database.remote.RemoteJdbcServer com.mysql.cj.jdbc.Driver
java_class_path (initial): C:\Program Files\JetBrains\IntelliJ IDEA 2023.1.2\lib\util_rt.jar;C:\Program Files\JetBrains\IntelliJ IDEA 2023.1.2\lib\util-8.jar;C:\Program Files\JetBrains\IntelliJ IDEA 2023.1.2\lib\groovy.jar;C:\Program Files\JetBrains\IntelliJ IDEA 2023.1.2\plugins\DatabaseTools\lib\jdbc-console.jar;C:\Program Files\JetBrains\IntelliJ IDEA 2023.1.2\plugins\grid-core-impl\lib\jdbc-console-types.jar;C:\Program Files\JetBrains\IntelliJ IDEA 2023.1.2\lib\util.jar;C:\Users\Lenovo\AppData\Roaming\JetBrains\IntelliJIdea2023.1\jdbc-drivers\MySQL ConnectorJ\8.2.0\com\mysql\mysql-connector-j\8.2.0\mysql-connector-j-8.2.0.jar;C:\Users\Lenovo\AppData\Roaming\JetBrains\IntelliJIdea2023.1\jdbc-drivers\MySQL ConnectorJ\8.2.0\com\google\protobuf\protobuf-java\3.21.9\protobuf-java-3.21.9.jar
Launcher Type: SUN_STANDARD

[Global flags]
     intx CICompilerCount                          = 3                                         {product} {ergonomic}
     uint ConcGCThreads                            = 1                                         {product} {ergonomic}
     uint G1ConcRefinementThreads                  = 4                                         {product} {ergonomic}
   size_t G1HeapRegionSize                         = 1048576                                   {product} {ergonomic}
    uintx GCDrainStackTargetSize                   = 64                                        {product} {ergonomic}
   size_t InitialHeapSize                          = 134217728                                 {product} {command line}
   size_t MarkStackSize                            = 4194304                                   {product} {ergonomic}
   size_t MaxHeapSize                              = 1073741824                                {product} {command line}
   size_t MaxNewSize                               = 643825664                                 {product} {ergonomic}
   size_t MinHeapDeltaBytes                        = 1048576                                   {product} {ergonomic}
   size_t MinHeapSize                              = 134217728                                 {product} {command line}
    uintx NonNMethodCodeHeapSize                   = 5832780                                {pd product} {ergonomic}
    uintx NonProfiledCodeHeapSize                  = 122912730                              {pd product} {ergonomic}
    uintx ProfiledCodeHeapSize                     = 122912730                              {pd product} {ergonomic}
    uintx ReservedCodeCacheSize                    = 251658240                              {pd product} {ergonomic}
     bool SegmentedCodeCache                       = true                                      {product} {ergonomic}
   size_t SoftMaxHeapSize                          = 1073741824                             {manageable} {ergonomic}
     bool UseCompressedClassPointers               = true                           {product lp64_product} {ergonomic}
     bool UseCompressedOops                        = true                           {product lp64_product} {ergonomic}
     bool UseG1GC                                  = true                                      {product} {ergonomic}
     bool UseLargePagesIndividualAllocation        = false                                  {pd product} {ergonomic}

Logging:
Log output configuration:
 #0: stdout all=warning uptime,level,tags
 #1: stderr all=off uptime,level,tags

Environment Variables:
PATH=C:\Program Files\Common Files\Oracle\Java\javapath;C:\Program Files (x86)\Common Files\Oracle\Java\java8path;C:\Program Files (x86)\Common Files\Oracle\Java\javapath;C:\Windows\system32;C:\Windows;C:\Windows\System32\Wbem;C:\Windows\System32\WindowsPowerShell\v1.0\;C:\Windows\System32\OpenSSH\;C:\Program Files\Git\cmd;C:\Program Files\nodejs\;C:\Users\Lenovo\AppData\Local\Microsoft\WindowsApps;C:\Users\Lenovo\AppData\Local\Programs\Microsoft VS Code\bin;C:\Program Files\JetBrains\IntelliJ IDEA 2023.1.2\bin;;C:\Program Files\nodejs\node_modules\npm\bin;C:\Users\Lenovo\AppData\Roaming\npm;
USERNAME=Lenovo
OS=Windows_NT
PROCESSOR_IDENTIFIER=Intel64 Family 6 Model 142 Stepping 10, GenuineIntel
TMP=C:\Users\Lenovo\AppData\Local\Temp
TEMP=C:\Users\Lenovo\AppData\Local\Temp


JNI global refs:
JNI global refs: 16, weak refs: 0

JNI global refs memory usage: 843, weak refs: 209


---------------  S Y S T E M  ---------------

OS:
 Windows 10 , 64 bit Build 19041 (10.0.19041.4957)
OS uptime: 0 days 2:30 hours

CPU: total 4 (initial active 4) (2 cores per cpu, 2 threads per core) family 6 model 142 stepping 10 microcode 0xd6, cx8, cmov, fxsr, ht, mmx, 3dnowpref, sse, sse2, sse3, ssse3, sse4.1, sse4.2, popcnt, lzcnt, tsc, tscinvbit, avx, avx2, aes, erms, clmul, bmi1, bmi2, adx, fma, vzeroupper, clflush, clflushopt

Memory: 4k page, system-wide physical 3517M (159M free)
TotalPageFile size 14269M (AvailPageFile size 8M)
current process WorkingSet (physical memory assigned to process): 18M, peak: 104M
current process commit charge ("private bytes"): 228M, peak: 254M

vm_info: OpenJDK 64-Bit Server VM (17.0.6+10-b829.9) for windows-amd64 JRE (17.0.6+10-b829.9), built on 2023-04-09 by "builduser" with MS VC++ 16.10 / 16.11 (VS2019)

END.
